[0m2021.02.14 15:15:11 INFO  Started: Metals version 0.9.10 in workspace 'D:\work\2021_2_5\view' for client vscode 1.53.2.[0m
[0m2021.02.14 15:15:21 INFO  time: initialize in 9.89s[0m
[0m2021.02.14 15:15:24 WARN  Build server is not auto-connectable.[0m
[0m2021.02.14 15:21:03 INFO  running 'D:\Program Files (x86)\apache-maven-3.6.3\bin ch.epfl.scala:maven-bloop_2.12:1.4.6-21-464e4ec4:bloopInstall -DdownloadSources=true'[0m
2ÔÂ 14, 2021 3:21:06 ÏÂÎç org.eclipse.lsp4j.jsonrpc.services.GenericEndpoint notify
ÐÅÏ¢: Unsupported notification method: $/setTraceNotification
java.lang.RuntimeException: CreateProcessW() failed, error: 5
	at com.zaxxer.nuprocess.windows.WindowsProcess.prepareProcess(WindowsProcess.java:303)
	at com.zaxxer.nuprocess.windows.WindowsProcess.start(WindowsProcess.java:230)
	at com.zaxxer.nuprocess.windows.WinProcessFactory.createProcess(WinProcessFactory.java:42)
	at com.zaxxer.nuprocess.NuProcessBuilder.start(NuProcessBuilder.java:259)
	at scala.meta.internal.builds.ShellRunner.run(ShellRunner.scala:79)
	at scala.meta.internal.builds.BloopInstall.runArgumentsUnconditionally(BloopInstall.scala:70)
	at scala.meta.internal.builds.BloopInstall.$anonfun$runUnconditionally$1(BloopInstall.scala:44)
	at scala.meta.internal.builds.BloopInstallProvider.bloopInstall(BloopInstallProvider.scala:21)
	at scala.meta.internal.builds.BloopInstallProvider.bloopInstall$(BloopInstallProvider.scala:16)
	at scala.meta.internal.builds.MavenBuildTool.bloopInstall(MavenBuildTool.scala:8)
	at scala.meta.internal.builds.BloopInstall.runUnconditionally(BloopInstall.scala:42)
	at scala.meta.internal.builds.BloopInstall.$anonfun$runIfApproved$2(BloopInstall.scala:125)
	at scala.concurrent.Future.$anonfun$flatMap$1(Future.scala:307)
	at scala.concurrent.impl.Promise.$anonfun$transformWith$1(Promise.scala:41)
	at scala.concurrent.impl.CallbackRunnable.run(Promise.scala:64)
	at java.base/java.util.concurrent.ThreadPoolExecutor.runWorker(ThreadPoolExecutor.java:1128)
	at java.base/java.util.concurrent.ThreadPoolExecutor$Worker.run(ThreadPoolExecutor.java:628)
	at java.base/java.lang.Thread.run(Thread.java:830)
[0m2021.02.14 15:21:07 INFO  mvn bloopInstall exit: -2147483648[0m
[0m2021.02.14 15:21:07 INFO  time: ran 'mvn bloopInstall' in 3.14s[0m
[0m2021.02.14 15:21:07 ERROR Maven command failed: D:\Program Files (x86)\apache-maven-3.6.3\bin ch.epfl.scala:maven-bloop_2.12:1.4.6-21-464e4ec4:bloopInstall -DdownloadSources=true[0m
[0m2021.02.14 17:24:26 INFO  shutting down Metals[0m
